<?xml version="1.0" encoding="utf-8"?><testsuites name="pytest tests"><testsuite name="pytest" errors="0" failures="0" skipped="0" tests="9" time="2.135" timestamp="2026-09-13T15:06:07.540993+00:00" hostname="agent-env-686b270e-b116-4d5b-9066-81047562f492"><testcase classname="tests.test_public_api_regression" name="test_admin_login_wrong_credentials" time="0.313" /><testcase classname="tests.test_public_api_regression" name="test_admin_login_correct_credentials" time="0.098" /><testcase classname="tests.test_public_api_regression" name="test_list_articles_public" time="0.077" /><testcase classname="tests.test_public_api_regression" name="test_article_crud_create_get_update_delete" time="0.542" /><testcase classname="tests.test_public_api_regression" name="test_article_create_requires_auth" time="0.065" /><testcase classname="tests.test_public_api_regression" name="test_upload_png_and_retrieve" time="0.245" /><testcase classname="tests.test_public_api_regression" name="test_upload_invalid_format_rejected" time="0.125" /><testcase classname="tests.test_public_api_regression" name="test_upload_requires_auth" time="0.129" /><testcase classname="tests.test_public_api_regression" name="test_cleanup_created_articles" time="0.000" /></testsuite></testsuites>