<?xml version="1.0" encoding="utf-8"?><testsuites name="pytest tests"><testsuite name="pytest" errors="0" failures="0" skipped="0" tests="18" time="4.928" timestamp="2026-09-13T15:42:59.353221+00:00" hostname="agent-env-686b270e-b116-4d5b-9066-81047562f492"><testcase classname="tests.test_articles_clone_integrity" name="test_get_articles_has_exact_three_expected_published" time="0.240" /><testcase classname="tests.test_articles_clone_integrity" name="test_article_detail_exact_title_and_html_format[solado-e-tpu-inovacao-alta-performance-para-calcados]" time="0.083" /><testcase classname="tests.test_articles_clone_integrity" name="test_article_detail_exact_title_and_html_format[solados-nuvem-transformam-o-conforto-personalizado]" time="0.080" /><testcase classname="tests.test_articles_clone_integrity" name="test_article_detail_exact_title_and_html_format[usinagem-5-eixos-precisao-para-designs-complexos]" time="0.075" /><testcase classname="tests.test_articles_clone_integrity" name="test_article_dom_matches_source_snapshot[solado-e-tpu-inovacao-alta-performance-para-calcados]" time="0.078" /><testcase classname="tests.test_articles_clone_integrity" name="test_article_dom_matches_source_snapshot[solados-nuvem-transformam-o-conforto-personalizado]" time="0.079" /><testcase classname="tests.test_articles_clone_integrity" name="test_article_dom_matches_source_snapshot[usinagem-5-eixos-precisao-para-designs-complexos]" time="0.076" /><testcase classname="tests.test_articles_clone_integrity" name="test_article_body_has_no_inline_images[solado-e-tpu-inovacao-alta-performance-para-calcados]" time="0.076" /><testcase classname="tests.test_articles_clone_integrity" name="test_article_body_has_no_inline_images[solados-nuvem-transformam-o-conforto-personalizado]" time="0.081" /><testcase classname="tests.test_articles_clone_integrity" name="test_article_body_has_no_inline_images[usinagem-5-eixos-precisao-para-designs-complexos]" time="0.072" /><testcase classname="tests.test_articles_clone_integrity" name="test_cover_media_webp_and_sha_matches_origin[solado-e-tpu-inovacao-alta-performance-para-calcados]" time="1.210" /><testcase classname="tests.test_articles_clone_integrity" name="test_cover_media_webp_and_sha_matches_origin[solados-nuvem-transformam-o-conforto-personalizado]" time="0.414" /><testcase classname="tests.test_articles_clone_integrity" name="test_cover_media_webp_and_sha_matches_origin[usinagem-5-eixos-precisao-para-designs-complexos]" time="0.414" /><testcase classname="tests.test_articles_clone_integrity" name="test_article_media_collection_has_metadata_only_for_three_covers" time="0.007" /><testcase classname="tests.test_articles_clone_integrity" name="test_article_media_invalid_ids_return_404" time="0.154" /><testcase classname="tests.test_articles_clone_integrity" name="test_upload_not_public_and_no_secret_leak" time="0.314" /><testcase classname="tests.test_articles_clone_integrity" name="test_temp_crud_preserves_html_content_format" time="0.371" /><testcase classname="tests.test_articles_clone_integrity" name="test_temp_crud_preserves_markdown_content_format" time="0.296" /></testsuite></testsuites>